Flow report for SD
Thu Oct 03 15:19:22 2019
Quartus II Version 9.1 Build 350 03/24/2010 Service Pack 2 SJ Full Version


---------------------
; Table of Contents ;
---------------------
  1. Legal Notice
  2. Flow Summary
  3. Flow Settings
  4. Flow Non-Default Global Settings
  5. Flow Elapsed Time
  6. Flow OS Summary
  7. Flow Log



----------------
; Legal Notice ;
----------------
Copyright (C) 1991-2010 Altera Corporation
Your use of Altera Corporation's design tools, logic functions 
and other software and tools, and its AMPP partner logic 
functions, and any output files from any of the foregoing 
(including device programming or simulation files), and any 
associated documentation or information are expressly subject 
to the terms and conditions of the Altera Program License 
Subscription Agreement, Altera MegaCore Function License 
Agreement, or other applicable license agreement, including, 
without limitation, that your use is for the sole purpose of 
programming logic devices manufactured by Altera and sold by 
Altera or its authorized distributors.  Please refer to the 
applicable agreement for further details.



+-------------------------------------------------------------------------------+
; Flow Summary                                                                  ;
+-------------------------------+-----------------------------------------------+
; Flow Status                   ; Successful - Thu Oct 03 15:19:22 2019         ;
; Quartus II Version            ; 9.1 Build 350 03/24/2010 SP 2 SJ Full Version ;
; Revision Name                 ; SD                                            ;
; Top-level Entity Name         ; BCD_Display                                   ;
; Family                        ; Stratix II                                    ;
; Met timing requirements       ; Yes                                           ;
; Logic utilization             ; < 1 %                                         ;
;     Combinational ALUTs       ; 15 / 12,480 ( < 1 % )                         ;
;     Dedicated logic registers ; 0 / 12,480 ( 0 % )                            ;
; Total registers               ; 0                                             ;
; Total pins                    ; 22 / 343 ( 6 % )                              ;
; Total virtual pins            ; 0                                             ;
; Total block memory bits       ; 0 / 419,328 ( 0 % )                           ;
; DSP block 9-bit elements      ; 0 / 96 ( 0 % )                                ;
; Total PLLs                    ; 0 / 6 ( 0 % )                                 ;
; Total DLLs                    ; 0 / 2 ( 0 % )                                 ;
; Device                        ; EP2S15F484C3                                  ;
; Timing Models                 ; Final                                         ;
+-------------------------------+-----------------------------------------------+


+-----------------------------------------+
; Flow Settings                           ;
+-------------------+---------------------+
; Option            ; Setting             ;
+-------------------+---------------------+
; Start date & time ; 10/03/2019 15:19:10 ;
; Main task         ; Compilation         ;
; Revision Name     ; SD                  ;
+-------------------+---------------------+


+--------------------------------------------------------------------------------------------------------------------+
; Flow Non-Default Global Settings                                                                                   ;
+------------------------------------+--------------------------------+---------------+-------------+----------------+
; Assignment Name                    ; Value                          ; Default Value ; Entity Name ; Section Id     ;
+------------------------------------+--------------------------------+---------------+-------------+----------------+
; COMPILER_SIGNATURE_ID              ; 10995770589202.157012675007632 ; --            ; --          ; --             ;
; PARTITION_COLOR                    ; 16764057                       ; --            ; BCD_Display ; Top            ;
; PARTITION_NETLIST_TYPE             ; SOURCE                         ; --            ; BCD_Display ; Top            ;
; TOP_LEVEL_ENTITY                   ; BCD_Display                    ; SD            ; --          ; --             ;
; USE_GENERATED_PHYSICAL_CONSTRAINTS ; Off                            ; --            ; --          ; eda_blast_fpga ;
+------------------------------------+--------------------------------+---------------+-------------+----------------+


+-----------------------------------------------------------------------------------------------------------------------------+
; Flow Elapsed Time                                                                                                           ;
+-------------------------+--------------+-------------------------+---------------------+------------------------------------+
; Module Name             ; Elapsed Time ; Average Processors Used ; Peak Virtual Memory ; Total CPU Time (on all processors) ;
+-------------------------+--------------+-------------------------+---------------------+------------------------------------+
; Analysis & Synthesis    ; 00:00:02     ; 1.0                     ; 229 MB              ; 00:00:02                           ;
; Fitter                  ; 00:00:05     ; 1.0                     ; 355 MB              ; 00:00:06                           ;
; Assembler               ; 00:00:03     ; 1.0                     ; 244 MB              ; 00:00:02                           ;
; Classic Timing Analyzer ; 00:00:00     ; 1.0                     ; 174 MB              ; 00:00:00                           ;
; Total                   ; 00:00:10     ; --                      ; --                  ; 00:00:10                           ;
+-------------------------+--------------+-------------------------+---------------------+------------------------------------+


+------------------------------------------------------------------------------------------+
; Flow OS Summary                                                                          ;
+-------------------------+------------------+---------------+------------+----------------+
; Module Name             ; Machine Hostname ; OS Name       ; OS Version ; Processor type ;
+-------------------------+------------------+---------------+------------+----------------+
; Analysis & Synthesis    ; G4C19            ; Windows Vista ; 6.2        ; x86_64         ;
; Fitter                  ; G4C19            ; Windows Vista ; 6.2        ; x86_64         ;
; Assembler               ; G4C19            ; Windows Vista ; 6.2        ; x86_64         ;
; Classic Timing Analyzer ; G4C19            ; Windows Vista ; 6.2        ; x86_64         ;
+-------------------------+------------------+---------------+------------+----------------+


------------
; Flow Log ;
------------
quartus_map --read_settings_files=on --write_settings_files=off SD -c SD
quartus_fit --read_settings_files=off --write_settings_files=off SD -c SD
quartus_asm --read_settings_files=off --write_settings_files=off SD -c SD
quartus_tan --read_settings_files=off --write_settings_files=off SD -c SD --timing_analysis_only



