Analysis & Synthesis report for ULA
Thu Oct 03 14:09:14 2019
Quartus II Version 9.1 Build 350 03/24/2010 Service Pack 2 SJ Full Version


---------------------
; Table of Contents ;
---------------------
  1. Legal Notice
  2. Analysis & Synthesis Summary
  3. Analysis & Synthesis Settings
  4. Parallel Compilation
  5. Analysis & Synthesis Source Files Read
  6. Analysis & Synthesis Resource Usage Summary
  7. Analysis & Synthesis Resource Utilization by Entity
  8. General Register Statistics
  9. Analysis & Synthesis Messages



----------------
; Legal Notice ;
----------------
Copyright (C) 1991-2010 Altera Corporation
Your use of Altera Corporation's design tools, logic functions 
and other software and tools, and its AMPP partner logic 
functions, and any output files from any of the foregoing 
(including device programming or simulation files), and any 
associated documentation or information are expressly subject 
to the terms and conditions of the Altera Program License 
Subscription Agreement, Altera MegaCore Function License 
Agreement, or other applicable license agreement, including, 
without limitation, that your use is for the sole purpose of 
programming logic devices manufactured by Altera and sold by 
Altera or its authorized distributors.  Please refer to the 
applicable agreement for further details.



+-------------------------------------------------------------------------------+
; Analysis & Synthesis Summary                                                  ;
+-------------------------------+-----------------------------------------------+
; Analysis & Synthesis Status   ; Successful - Thu Oct 03 14:09:14 2019         ;
; Quartus II Version            ; 9.1 Build 350 03/24/2010 SP 2 SJ Full Version ;
; Revision Name                 ; ULA                                           ;
; Top-level Entity Name         ; Assembled_ULA                                 ;
; Family                        ; Stratix II                                    ;
; Logic utilization             ; N/A                                           ;
;     Combinational ALUTs       ; 24                                            ;
;     Dedicated logic registers ; 0                                             ;
; Total registers               ; 0                                             ;
; Total pins                    ; 27                                            ;
; Total virtual pins            ; 0                                             ;
; Total block memory bits       ; 0                                             ;
; DSP block 9-bit elements      ; 0                                             ;
; Total PLLs                    ; 0                                             ;
; Total DLLs                    ; 0                                             ;
+-------------------------------+-----------------------------------------------+


+----------------------------------------------------------------------------------------------------------------------+
; Analysis & Synthesis Settings                                                                                        ;
+----------------------------------------------------------------------------+--------------------+--------------------+
; Option                                                                     ; Setting            ; Default Value      ;
+----------------------------------------------------------------------------+--------------------+--------------------+
; Top-level entity name                                                      ; Assembled_ULA      ; ULA                ;
; Family name                                                                ; Stratix II         ; Stratix II         ;
; Use Generated Physical Constraints File                                    ; Off                ;                    ;
; Use smart compilation                                                      ; Off                ; Off                ;
; Enable parallel Assembler and TimeQuest Timing Analyzer during compilation ; On                 ; On                 ;
; Enable compact report table                                                ; Off                ; Off                ;
; Restructure Multiplexers                                                   ; Auto               ; Auto               ;
; Create Debugging Nodes for IP Cores                                        ; Off                ; Off                ;
; Preserve fewer node names                                                  ; On                 ; On                 ;
; Disable OpenCore Plus hardware evaluation                                  ; Off                ; Off                ;
; Verilog Version                                                            ; Verilog_2001       ; Verilog_2001       ;
; VHDL Version                                                               ; VHDL_1993          ; VHDL_1993          ;
; State Machine Processing                                                   ; Auto               ; Auto               ;
; Safe State Machine                                                         ; Off                ; Off                ;
; Extract Verilog State Machines                                             ; On                 ; On                 ;
; Extract VHDL State Machines                                                ; On                 ; On                 ;
; Ignore Verilog initial constructs                                          ; Off                ; Off                ;
; Iteration limit for constant Verilog loops                                 ; 5000               ; 5000               ;
; Iteration limit for non-constant Verilog loops                             ; 250                ; 250                ;
; Add Pass-Through Logic to Inferred RAMs                                    ; On                 ; On                 ;
; Parallel Synthesis                                                         ; On                 ; On                 ;
; DSP Block Balancing                                                        ; Auto               ; Auto               ;
; NOT Gate Push-Back                                                         ; On                 ; On                 ;
; Power-Up Don't Care                                                        ; On                 ; On                 ;
; Remove Redundant Logic Cells                                               ; Off                ; Off                ;
; Remove Duplicate Registers                                                 ; On                 ; On                 ;
; Ignore CARRY Buffers                                                       ; Off                ; Off                ;
; Ignore CASCADE Buffers                                                     ; Off                ; Off                ;
; Ignore GLOBAL Buffers                                                      ; Off                ; Off                ;
; Ignore ROW GLOBAL Buffers                                                  ; Off                ; Off                ;
; Ignore LCELL Buffers                                                       ; Off                ; Off                ;
; Ignore SOFT Buffers                                                        ; On                 ; On                 ;
; Limit AHDL Integers to 32 Bits                                             ; Off                ; Off                ;
; Optimization Technique                                                     ; Balanced           ; Balanced           ;
; Carry Chain Length                                                         ; 70                 ; 70                 ;
; Auto Carry Chains                                                          ; On                 ; On                 ;
; Auto Open-Drain Pins                                                       ; On                 ; On                 ;
; Perform WYSIWYG Primitive Resynthesis                                      ; Off                ; Off                ;
; Auto ROM Replacement                                                       ; On                 ; On                 ;
; Auto RAM Replacement                                                       ; On                 ; On                 ;
; Auto DSP Block Replacement                                                 ; On                 ; On                 ;
; Auto Shift Register Replacement                                            ; Auto               ; Auto               ;
; Auto Clock Enable Replacement                                              ; On                 ; On                 ;
; Strict RAM Replacement                                                     ; Off                ; Off                ;
; Allow Synchronous Control Signals                                          ; On                 ; On                 ;
; Force Use of Synchronous Clear Signals                                     ; Off                ; Off                ;
; Auto RAM Block Balancing                                                   ; On                 ; On                 ;
; Auto RAM to Logic Cell Conversion                                          ; Off                ; Off                ;
; Auto Resource Sharing                                                      ; Off                ; Off                ;
; Allow Any RAM Size For Recognition                                         ; Off                ; Off                ;
; Allow Any ROM Size For Recognition                                         ; Off                ; Off                ;
; Allow Any Shift Register Size For Recognition                              ; Off                ; Off                ;
; Use LogicLock Constraints during Resource Balancing                        ; On                 ; On                 ;
; Ignore translate_off and synthesis_off directives                          ; Off                ; Off                ;
; Timing-Driven Synthesis                                                    ; Off                ; Off                ;
; Show Parameter Settings Tables in Synthesis Report                         ; On                 ; On                 ;
; Ignore Maximum Fan-Out Assignments                                         ; Off                ; Off                ;
; Synchronization Register Chain Length                                      ; 2                  ; 2                  ;
; PowerPlay Power Optimization                                               ; Normal compilation ; Normal compilation ;
; HDL message level                                                          ; Level2             ; Level2             ;
; Suppress Register Optimization Related Messages                            ; Off                ; Off                ;
; Number of Removed Registers Reported in Synthesis Report                   ; 5000               ; 5000               ;
; Number of Inverted Registers Reported in Synthesis Report                  ; 100                ; 100                ;
; Clock MUX Protection                                                       ; On                 ; On                 ;
; Auto Gated Clock Conversion                                                ; Off                ; Off                ;
; Block Design Naming                                                        ; Auto               ; Auto               ;
; SDC constraint protection                                                  ; Off                ; Off                ;
; Synthesis Effort                                                           ; Auto               ; Auto               ;
; Shift Register Replacement - Allow Asynchronous Clear Signal               ; On                 ; On                 ;
; Analysis & Synthesis Message Level                                         ; Medium             ; Medium             ;
; Disable Register Merging Across Hierarchies                                ; Auto               ; Auto               ;
; Resource Aware Inference For Block RAM                                     ; On                 ; On                 ;
+----------------------------------------------------------------------------+--------------------+--------------------+


+------------------------------------------+
; Parallel Compilation                     ;
+----------------------------+-------------+
; Processors                 ; Number      ;
+----------------------------+-------------+
; Number detected on machine ; 4           ;
; Maximum allowed            ; 4           ;
;                            ;             ;
; Average used               ; 1.00        ;
; Maximum used               ; 1           ;
;                            ;             ;
; Usage by Processor         ; % Time Used ;
;     1 processor            ; 100.0%      ;
;     2-4 processors         ;   0.0%      ;
+----------------------------+-------------+


+------------------------------------------------------------------------------------------------------------------------------------------------------------------------------------+
; Analysis & Synthesis Source Files Read                                                                                                                                             ;
+------------------------------------+-----------------+------------------------------------------+----------------------------------------------------------------------------------+
; File Name with User-Entered Path   ; Used in Netlist ; File Type                                ; File Name with Absolute Path                                                     ;
+------------------------------------+-----------------+------------------------------------------+----------------------------------------------------------------------------------+
; Assembled_ULA.bdf                  ; yes             ; User Block Diagram/Schematic File        ; C:/Users/aca7/Downloads/SD-project-master/ULA/Assembled_ULA.bdf                  ;
; comp_a_2.bdf                       ; yes             ; User Block Diagram/Schematic File        ; C:/Users/aca7/Downloads/SD-project-master/ULA/comp_a_2.bdf                       ;
; ula.bdf                            ; yes             ; Auto-Found Block Diagram/Schematic File  ; C:/Users/aca7/Downloads/SD-project-master/ULA/ula.bdf                            ;
; fulladder4bitsigned.bdf            ; yes             ; Auto-Found Block Diagram/Schematic File  ; C:/Users/aca7/Downloads/SD-project-master/ULA/fulladder4bitsigned.bdf            ;
; signal.bdf                         ; yes             ; Auto-Found Block Diagram/Schematic File  ; C:/Users/aca7/Downloads/SD-project-master/ULA/signal.bdf                         ;
; bit_a_bit.bdf                      ; yes             ; Auto-Found Block Diagram/Schematic File  ; C:/Users/aca7/Downloads/SD-project-master/ULA/bit_a_bit.bdf                      ;
; multibool.bdf                      ; yes             ; Auto-Found Block Diagram/Schematic File  ; C:/Users/aca7/Downloads/SD-project-master/ULA/multibool.bdf                      ;
; a_maior_b.bdf                      ; yes             ; Auto-Found Block Diagram/Schematic File  ; C:/Users/aca7/Downloads/SD-project-master/ULA/a_maior_b.bdf                      ;
; a_maior_bbit.bdf                   ; yes             ; Auto-Found Block Diagram/Schematic File  ; C:/Users/aca7/Downloads/SD-project-master/ULA/a_maior_bbit.bdf                   ;
; igual.bdf                          ; yes             ; Auto-Found Block Diagram/Schematic File  ; C:/Users/aca7/Downloads/SD-project-master/ULA/igual.bdf                          ;
; multires.bdf                       ; yes             ; Auto-Found Block Diagram/Schematic File  ; C:/Users/aca7/Downloads/SD-project-master/ULA/multires.bdf                       ;
; ands.bdf                           ; yes             ; Auto-Found Block Diagram/Schematic File  ; C:/Users/aca7/Downloads/SD-project-master/ULA/ands.bdf                           ;
; display.bdf                        ; yes             ; Auto-Found Block Diagram/Schematic File  ; C:/Users/aca7/Downloads/SD-project-master/ULA/display.bdf                        ;
; seven_segment_display_signonly.bdf ; yes             ; Auto-Found Block Diagram/Schematic File  ; C:/Users/aca7/Downloads/SD-project-master/ULA/seven_segment_display_signonly.bdf ;
; seven_segment_display_comp2.bdf    ; yes             ; Auto-Found Block Diagram/Schematic File  ; C:/Users/aca7/Downloads/SD-project-master/ULA/seven_segment_display_comp2.bdf    ;
; mux_4bit_comp2.bdf                 ; yes             ; Auto-Found Block Diagram/Schematic File  ; C:/Users/aca7/Downloads/SD-project-master/ULA/mux_4bit_comp2.bdf                 ;
; mux_2_1bit.bdf                     ; yes             ; Auto-Found Block Diagram/Schematic File  ; C:/Users/aca7/Downloads/SD-project-master/ULA/mux_2_1bit.bdf                     ;
+------------------------------------+-----------------+------------------------------------------+----------------------------------------------------------------------------------+


+-------------------------------------------------------+
; Analysis & Synthesis Resource Usage Summary           ;
+-----------------------------------------------+-------+
; Resource                                      ; Usage ;
+-----------------------------------------------+-------+
; Estimated ALUTs Used                          ; 24    ;
; Dedicated logic registers                     ; 0     ;
;                                               ;       ;
; Estimated ALUTs Unavailable                   ; 9     ;
;                                               ;       ;
; Total combinational functions                 ; 24    ;
; Combinational ALUT usage by number of inputs  ;       ;
;     -- 7 input functions                      ; 0     ;
;     -- 6 input functions                      ; 9     ;
;     -- 5 input functions                      ; 7     ;
;     -- 4 input functions                      ; 6     ;
;     -- <=3 input functions                    ; 2     ;
;                                               ;       ;
; Combinational ALUTs by mode                   ;       ;
;     -- normal mode                            ; 24    ;
;     -- extended LUT mode                      ; 0     ;
;     -- arithmetic mode                        ; 0     ;
;     -- shared arithmetic mode                 ; 0     ;
;                                               ;       ;
; Estimated ALUT/register pairs used            ; 33    ;
;                                               ;       ;
; Total registers                               ; 0     ;
;     -- Dedicated logic registers              ; 0     ;
;     -- I/O registers                          ; 0     ;
;                                               ;       ;
; Estimated ALMs:  partially or completely used ; 17    ;
;                                               ;       ;
; I/O pins                                      ; 27    ;
; Maximum fan-out node                          ; S[2]  ;
; Maximum fan-out                               ; 11    ;
; Total fan-out                                 ; 129   ;
; Average fan-out                               ; 2.53  ;
+-----------------------------------------------+-------+


+-----------------------------------------------------------------------------------------------------------------------------------------------------------------------------------------------------------------------------------------------------------+
; Analysis & Synthesis Resource Utilization by Entity                                                                                                                                                                                                       ;
+------------------------------------------+-------------------+--------------+-------------------+--------------+---------+-----------+-----------+------+--------------+-------------------------------------------------------------------+--------------+
; Compilation Hierarchy Node               ; LC Combinationals ; LC Registers ; Block Memory Bits ; DSP Elements ; DSP 9x9 ; DSP 18x18 ; DSP 36x36 ; Pins ; Virtual Pins ; Full Hierarchy Name                                               ; Library Name ;
+------------------------------------------+-------------------+--------------+-------------------+--------------+---------+-----------+-----------+------+--------------+-------------------------------------------------------------------+--------------+
; |Assembled_ULA                           ; 24 (0)            ; 0 (0)        ; 0                 ; 0            ; 0       ; 0         ; 0         ; 27   ; 0            ; |Assembled_ULA                                                    ; work         ;
;    |display:inst9|                       ; 8 (0)             ; 0 (0)        ; 0                 ; 0            ; 0       ; 0         ; 0         ; 0    ; 0            ; |Assembled_ULA|display:inst9                                      ; work         ;
;       |seven_segment_display_comp2:inst| ; 8 (8)             ; 0 (0)        ; 0                 ; 0            ; 0       ; 0         ; 0         ; 0    ; 0            ; |Assembled_ULA|display:inst9|seven_segment_display_comp2:inst     ; work         ;
;    |ula:inst|                            ; 16 (0)            ; 0 (0)        ; 0                 ; 0            ; 0       ; 0         ; 0         ; 0    ; 0            ; |Assembled_ULA|ula:inst                                           ;              ;
;       |a_maior_b:inst7|                  ; 2 (0)             ; 0 (0)        ; 0                 ; 0            ; 0       ; 0         ; 0         ; 0    ; 0            ; |Assembled_ULA|ula:inst|a_maior_b:inst7                           ; work         ;
;          |a_maior_bbit:inst3|            ; 1 (1)             ; 0 (0)        ; 0                 ; 0            ; 0       ; 0         ; 0         ; 0    ; 0            ; |Assembled_ULA|ula:inst|a_maior_b:inst7|a_maior_bbit:inst3        ; work         ;
;          |a_maior_bbit:inst4|            ; 1 (1)             ; 0 (0)        ; 0                 ; 0            ; 0       ; 0         ; 0         ; 0    ; 0            ; |Assembled_ULA|ula:inst|a_maior_b:inst7|a_maior_bbit:inst4        ; work         ;
;       |fulladder4bitsigned:inst|         ; 5 (0)             ; 0 (0)        ; 0                 ; 0            ; 0       ; 0         ; 0         ; 0    ; 0            ; |Assembled_ULA|ula:inst|fulladder4bitsigned:inst                  ; work         ;
;          |bit_a_bit:inst12|              ; 1 (1)             ; 0 (0)        ; 0                 ; 0            ; 0       ; 0         ; 0         ; 0    ; 0            ; |Assembled_ULA|ula:inst|fulladder4bitsigned:inst|bit_a_bit:inst12 ; work         ;
;          |bit_a_bit:inst13|              ; 1 (1)             ; 0 (0)        ; 0                 ; 0            ; 0       ; 0         ; 0         ; 0    ; 0            ; |Assembled_ULA|ula:inst|fulladder4bitsigned:inst|bit_a_bit:inst13 ; work         ;
;          |bit_a_bit:inst14|              ; 2 (2)             ; 0 (0)        ; 0                 ; 0            ; 0       ; 0         ; 0         ; 0    ; 0            ; |Assembled_ULA|ula:inst|fulladder4bitsigned:inst|bit_a_bit:inst14 ; work         ;
;          |signal:inst|                   ; 1 (1)             ; 0 (0)        ; 0                 ; 0            ; 0       ; 0         ; 0         ; 0    ; 0            ; |Assembled_ULA|ula:inst|fulladder4bitsigned:inst|signal:inst      ; work         ;
;       |igual:inst9|                      ; 2 (2)             ; 0 (0)        ; 0                 ; 0            ; 0       ; 0         ; 0         ; 0    ; 0            ; |Assembled_ULA|ula:inst|igual:inst9                               ; work         ;
;       |multibool:inst12|                 ; 1 (1)             ; 0 (0)        ; 0                 ; 0            ; 0       ; 0         ; 0         ; 0    ; 0            ; |Assembled_ULA|ula:inst|multibool:inst12                          ; work         ;
;       |multires:inst13|                  ; 6 (6)             ; 0 (0)        ; 0                 ; 0            ; 0       ; 0         ; 0         ; 0    ; 0            ; |Assembled_ULA|ula:inst|multires:inst13                           ; work         ;
+------------------------------------------+-------------------+--------------+-------------------+--------------+---------+-----------+-----------+------+--------------+-------------------------------------------------------------------+--------------+
Note: For table entries with two numbers listed, the numbers in parentheses indicate the number of resources of the given type used by the specific entity alone. The numbers listed outside of parentheses indicate the total resources of the given type used by the specific entity and all of its sub-entities in the hierarchy.


+------------------------------------------------------+
; General Register Statistics                          ;
+----------------------------------------------+-------+
; Statistic                                    ; Value ;
+----------------------------------------------+-------+
; Total registers                              ; 0     ;
; Number of registers using Synchronous Clear  ; 0     ;
; Number of registers using Synchronous Load   ; 0     ;
; Number of registers using Asynchronous Clear ; 0     ;
; Number of registers using Asynchronous Load  ; 0     ;
; Number of registers using Clock Enable       ; 0     ;
; Number of registers using Preset             ; 0     ;
+----------------------------------------------+-------+


+-------------------------------+
; Analysis & Synthesis Messages ;
+-------------------------------+
Info: *******************************************************************
Info: Running Quartus II Analysis & Synthesis
    Info: Version 9.1 Build 350 03/24/2010 Service Pack 2 SJ Full Version
    Info: Processing started: Thu Oct 03 14:09:12 2019
Info: Command: quartus_map --read_settings_files=on --write_settings_files=off ULA -c ULA
Info: Parallel compilation is enabled and will use 4 of the 4 processors detected
Info: Found 1 design units, including 1 entities, in source file assembled_ula.bdf
    Info: Found entity 1: Assembled_ULA
Info: Found 1 design units, including 1 entities, in source file comp_a_2.bdf
    Info: Found entity 1: comp_a_2
Info: Elaborating entity "Assembled_ULA" for the top level hierarchy
Warning: Using design file ula.bdf, which is not specified as a design file for the current project, but contains definitions for 1 design units and 1 entities in project
    Info: Found entity 1: ula
Info: Elaborating entity "ula" for hierarchy "ula:inst"
Warning: Using design file fulladder4bitsigned.bdf, which is not specified as a design file for the current project, but contains definitions for 1 design units and 1 entities in project
    Info: Found entity 1: fulladder4bitsigned
Info: Elaborating entity "FullAdder4bitSigned" for hierarchy "ula:inst|FullAdder4bitSigned:inst"
Warning: Using design file signal.bdf, which is not specified as a design file for the current project, but contains definitions for 1 design units and 1 entities in project
    Info: Found entity 1: signal
Info: Elaborating entity "Signal" for hierarchy "ula:inst|FullAdder4bitSigned:inst|Signal:inst"
Warning: Using design file bit_a_bit.bdf, which is not specified as a design file for the current project, but contains definitions for 1 design units and 1 entities in project
    Info: Found entity 1: bit_a_bit
Info: Elaborating entity "bit_a_bit" for hierarchy "ula:inst|FullAdder4bitSigned:inst|bit_a_bit:inst14"
Warning: Using design file multibool.bdf, which is not specified as a design file for the current project, but contains definitions for 1 design units and 1 entities in project
    Info: Found entity 1: multibool
Info: Elaborating entity "multiBool" for hierarchy "ula:inst|multiBool:inst12"
Warning: Using design file a_maior_b.bdf, which is not specified as a design file for the current project, but contains definitions for 1 design units and 1 entities in project
    Info: Found entity 1: a_maior_b
Info: Elaborating entity "A_Maior_B" for hierarchy "ula:inst|A_Maior_B:inst7"
Warning: Using design file a_maior_bbit.bdf, which is not specified as a design file for the current project, but contains definitions for 1 design units and 1 entities in project
    Info: Found entity 1: a_maior_bbit
Info: Elaborating entity "A_Maior_Bbit" for hierarchy "ula:inst|A_Maior_B:inst7|A_Maior_Bbit:inst4"
Warning: Using design file igual.bdf, which is not specified as a design file for the current project, but contains definitions for 1 design units and 1 entities in project
    Info: Found entity 1: igual
Info: Elaborating entity "Igual" for hierarchy "ula:inst|Igual:inst9"
Warning: Using design file multires.bdf, which is not specified as a design file for the current project, but contains definitions for 1 design units and 1 entities in project
    Info: Found entity 1: multires
Info: Elaborating entity "multiRes" for hierarchy "ula:inst|multiRes:inst13"
Warning: Using design file ands.bdf, which is not specified as a design file for the current project, but contains definitions for 1 design units and 1 entities in project
    Info: Found entity 1: ands
Info: Elaborating entity "ANDs" for hierarchy "ula:inst|ANDs:inst1"
Warning: Using design file display.bdf, which is not specified as a design file for the current project, but contains definitions for 1 design units and 1 entities in project
    Info: Found entity 1: display
Info: Elaborating entity "Display" for hierarchy "Display:inst9"
Warning: Using design file seven_segment_display_signonly.bdf, which is not specified as a design file for the current project, but contains definitions for 1 design units and 1 entities in project
    Info: Found entity 1: seven_segment_display_signonly
Info: Elaborating entity "Seven_Segment_Display_signOnly" for hierarchy "Display:inst9|Seven_Segment_Display_signOnly:inst6"
Warning: Using design file seven_segment_display_comp2.bdf, which is not specified as a design file for the current project, but contains definitions for 1 design units and 1 entities in project
    Info: Found entity 1: seven_segment_display_comp2
Info: Elaborating entity "Seven_Segment_Display_comp2" for hierarchy "Display:inst9|Seven_Segment_Display_comp2:inst"
Warning: Using design file mux_4bit_comp2.bdf, which is not specified as a design file for the current project, but contains definitions for 1 design units and 1 entities in project
    Info: Found entity 1: mux_4bit_comp2
Info: Elaborating entity "mux_4bit_comp2" for hierarchy "Display:inst9|Seven_Segment_Display_comp2:inst|mux_4bit_comp2:inst31"
Warning: Using design file mux_2_1bit.bdf, which is not specified as a design file for the current project, but contains definitions for 1 design units and 1 entities in project
    Info: Found entity 1: mux_2_1bit
Info: Elaborating entity "mux_2_1bit" for hierarchy "Display:inst9|Seven_Segment_Display_comp2:inst|mux_4bit_comp2:inst31|mux_2_1bit:inst5"
Info: Elaborating entity "comp_a_2" for hierarchy "Display:inst9|Seven_Segment_Display_comp2:inst|mux_4bit_comp2:inst31|comp_a_2:inst3"
Warning: Output pins are stuck at VCC or GND
    Warning (13410): Pin "HEX0_D[0]" is stuck at VCC
    Warning (13410): Pin "HEX0_D[1]" is stuck at VCC
    Warning (13410): Pin "HEX0_D[2]" is stuck at VCC
    Warning (13410): Pin "HEX0_D[3]" is stuck at VCC
    Warning (13410): Pin "HEX0_D[4]" is stuck at VCC
    Warning (13410): Pin "HEX0_D[5]" is stuck at VCC
Info: Implemented 51 device resources after synthesis - the final resource count might be different
    Info: Implemented 11 input pins
    Info: Implemented 16 output pins
    Info: Implemented 24 logic cells
Info: Quartus II Analysis & Synthesis was successful. 0 errors, 22 warnings
    Info: Peak virtual memory: 231 megabytes
    Info: Processing ended: Thu Oct 03 14:09:14 2019
    Info: Elapsed time: 00:00:02
    Info: Total CPU time (on all processors): 00:00:03


